Nov 26
FileNotFoundError: [Errno 2] No such file or directory: 'leaderboard.txt'
Nov 28
Traceback (most recent call last):
  File "/Users/Tonycai/Desktop/N/NEU/NEU_CS_Courses/CS5001/Project/mastermind_game.py", line 1034, in <module>
    main()
  File "/Users/Tonycai/Desktop/N/NEU/NEU_CS_Courses/CS5001/Project/mastermind_game.py", line 1026, in main
    create_mastermind_ui(mastermind)
  File "/Users/Tonycai/Desktop/N/NEU/NEU_CS_Courses/CS5001/Project/mastermind_game.py", line 1006, in create_mastermind_ui
    mastermind.generate_selections()
  File "/Users/Tonycai/Desktop/N/NEU/NEU_CS_Courses/CS5001/Project/mastermind_game.py", line 526, in generate_selections
    self.draw_solid_circle(x=x,
  File "/Users/Tonycai/Desktop/N/NEU/NEU_CS_Courses/CS5001/Project/mastermind_game.py", line 207, in draw_solid_circle
    self.turtle.color(color)
  File "/opt/anaconda3/lib/python3.9/turtle.py", line 2217, in color
    pcolor = self._colorstr(pcolor)
  File "/opt/anaconda3/lib/python3.9/turtle.py", line 2697, in _colorstr
    return self.screen._colorstr(args)
  File "/opt/anaconda3/lib/python3.9/turtle.py", line 1159, in _colorstr
    raise TurtleGraphicsError("bad color string: %s" % str(color))
turtle.TurtleGraphicsError: bad color string: [
